<?xml version="1.0" encoding="UTF-8" ?>
<testsuite failures="1" time="0.282" errors="0" skipped="0" tests="1" name="se.citerus.dddsample.interfaces.tracking.CargoTrackingViewAdapterTest">
  <properties>
[...]
</properties>
  <testcase time="0.282" classname="se.citerus.dddsample.interfaces.tracking.CargoTrackingViewAdapterTest" name="testCreate">
    <failure message="null expected:&lt;1970-01-01 0[1:0]0&gt; but was:&lt;1970-01-01 0[5:3]0&gt;" type="junit.framework.ComparisonFailure">junit.framework.ComparisonFailure: null expected:&lt;1970-01-01 0[1:0]0&gt; but was:&lt;1970-01-01 0[5:3]0&gt;
	at junit.framework.Assert.assertEquals(Assert.java:81)
	at junit.framework.Assert.assertEquals(Assert.java:87)
	at se.citerus.dddsample.interfaces.tracking.CargoTrackingViewAdapterTest.testCreate(CargoTrackingViewAdapterTest.java:45)
	at sun.reflect.NativeMethodAccessorImpl.invoke0(Native Method)
	at sun.reflect.NativeMethodAccessorImpl.invoke(NativeMethodAccessorImpl.java:57)
	at sun.reflect.DelegatingMethodAccessorImpl.invoke(DelegatingMethodAccessorImpl.java:43)
	at java.lang.reflect.Method.invoke(Method.java:622)
	at junit.framework.TestCase.runTest(TestCase.java:168)
	at junit.framework.TestCase.runBare(TestCase.java:134)
	at junit.framework.TestResult$1.protect(TestResult.java:110)
	at junit.framework.TestResult.runProtected(TestResult.java:128)
	at junit.framework.TestResult.run(TestResult.java:113)
	at junit.framework.TestCase.run(TestCase.java:124)
	at junit.framework.TestSuite.runTest(TestSuite.java:232)
	at junit.framework.TestSuite.run(TestSuite.java:227)
	at org.junit.internal.runners.JUnit38ClassRunner.run(JUnit38ClassRunner.java:81)
	at org.apache.maven.surefire.junit4.JUnit4TestSet.execute(JUnit4TestSet.java:53)
	at org.apache.maven.surefire.junit4.JUnit4Provider.executeTestSet(JUnit4Provider.java:123)
	at org.apache.maven.surefire.junit4.JUnit4Provider.invoke(JUnit4Provider.java:104)
	at sun.reflect.NativeMethodAccessorImpl.invoke0(Native Method)
	at sun.reflect.NativeMethodAccessorImpl.invoke(NativeMethodAccessorImpl.java:57)
	at sun.reflect.DelegatingMethodAccessorImpl.invoke(DelegatingMethodAccessorImpl.java:43)
	at java.lang.reflect.Method.invoke(Method.java:622)
	at org.apache.maven.surefire.util.ReflectionUtils.invokeMethodWithArray(ReflectionUtils.java:164)
	at org.apache.maven.surefire.booter.ProviderFactory$ProviderProxy.invoke(ProviderFactory.java:110)
	at org.apache.maven.surefire.booter.SurefireStarter.invokeProvider(SurefireStarter.java:175)
	at org.apache.maven.surefire.booter.SurefireStarter.runSuitesInProcessWhenForked(SurefireStarter.java:107)
	at org.apache.maven.surefire.booter.ForkedBooter.main(ForkedBooter.java:68)
</failure>
    <system-out>2014-08-29 16:48:15,396 INFO [org.springframework.context.support.StaticApplicationContext] - Refreshing org.springframework.context.support.StaticApplicationContext@146ac5a: display name [org.springframework.context.support.StaticApplicationContext@146ac5a]; startup date [Fri Aug 29 16:48:15 IST 2014]; root of context hierarchy
2014-08-29 16:48:15,397 INFO [org.springframework.context.support.StaticApplicationContext] - Bean factory for application context [org.springframework.context.support.StaticApplicationContext@146ac5a]: org.springframework.beans.factory.support.DefaultListableBeanFactory@1f17a73
2014-08-29 16:48:15,415 INFO [org.springframework.beans.factory.support.DefaultListableBeanFactory] - Pre-instantiating singletons in org.springframework.beans.factory.support.DefaultListableBeanFactory@1f17a73: defining beans []; root of factory hierarchy
</system-out>
  </testcase>
</testsuite>